<?xml version="1.0" encoding="UTF-8"?>
<!-- Generated by org.testng.reporters.JUnitReportReporter -->
<testsuite hostname="IND-PJHA" failures="0" tests="1" name="com.cineverse.qa.testcases.LogInPageTest" time="7.666" errors="0" timestamp="2024-02-09T22:48:27 IST" skipped="0">
  <testcase classname="com.cineverse.qa.testcases.LogInPageTest" name="ValidateClickOnForgotPasswordTest" time="7.666"/>
  <system-out/>
</testsuite> <!-- com.cineverse.qa.testcases.LogInPageTest -->
