<?xml version="1.0" encoding="UTF-8"?>
<!-- Generated by org.testng.reporters.JUnitReportReporter -->
<testsuite hostname="IND-PJHA" failures="0" tests="1" name="com.cineverse.qa.testcases.ForgotPasswordPageTest" time="6.740" errors="0" timestamp="2024-02-12T11:13:56 IST" skipped="0">
  <testcase classname="com.cineverse.qa.testcases.ForgotPasswordPageTest" name="ValidateSubmitButtonIsDisplayedTest" time="6.740"/>
  <system-out/>
</testsuite> <!-- com.cineverse.qa.testcases.ForgotPasswordPageTest -->
