<?xml version="1.0" encoding="UTF-8"?>
<!-- Generated by org.testng.reporters.JUnitReportReporter -->
<testsuite hostname="IND-PJHA" failures="0" tests="1" name="com.cineverse.qa.testcases.MoviesPageTest" time="8.620" errors="0" timestamp="2024-02-09T22:38:23 IST" skipped="0">
  <testcase classname="com.cineverse.qa.testcases.MoviesPageTest" name="ValidatePromoTitleIsDisplayedTest" time="8.620"/>
  <system-out/>
</testsuite> <!-- com.cineverse.qa.testcases.MoviesPageTest -->
